<?xml version="1.0" encoding="UTF-8"?>
<!-- Generated by org.testng.reporters.JUnitReportReporter -->
<testsuite skipped="0" hostname="LAPTOP-8GRGL6L6" name="com.demo.test.LoginPageTest" tests="1" failures="0" timestamp="2021-12-27T20:12:03 IST" time="6.595" errors="0">
  <testcase name="testLoginPage" time="6.595" classname="com.demo.test.LoginPageTest"/>
  <system-out/>
</testsuite> <!-- com.demo.test.LoginPageTest -->
