<?xml version="1.0" encoding="UTF-8"?>
<!-- Generated by org.testng.reporters.JUnitReportReporter -->
<testsuite skipped="0" hostname="LAPTOP-8GRGL6L6" name="com.demo.test.RegisterTest" tests="1" failures="0" timestamp="2021-12-27T20:12:03 IST" time="5.267" errors="0">
  <testcase name="validateRegisterTest" time="5.267" classname="com.demo.test.RegisterTest"/>
  <system-out/>
</testsuite> <!-- com.demo.test.RegisterTest -->
